2023-12-19 19:43:18,053 CRIT Supervisor is running as root.  Privileges were not dropped because no user is specified in the config file.  If you intend to run as root, you can set user=root in the config file to avoid this message.
2023-12-19 19:43:18,054 INFO supervisord started with pid 7
2023-12-19 19:43:19,057 INFO spawned: 'app' with pid 8
2023-12-19 19:43:19,061 INFO spawned: 'nginx' with pid 9
Bottle v0.12.25 server starting up (using WSGIRefServer())...
Listening on http://localhost:5000/
Hit Ctrl-C to quit.

2023-12-19 19:43:20,248 INFO success: app entered RUNNING state, process has stayed up for > than 1 seconds (startsecs)
2023-12-19 19:43:20,249 INFO success: nginx entered RUNNING state, process has stayed up for > than 1 seconds (startsecs)
[CTRL] POST /setup
[Time: 19.12.23 19:43:22] [Level: info] id: c2fc1754e56bd92a
[Time: 19.12.23 19:43:22] [Level: info] coordinator: True
[Time: 19.12.23 19:43:22] [Level: info] clients: ['c2fc1754e56bd92a']
[Time: 19.12.23 19:43:22] [Level: info] state: initial
[Time: 19.12.23 19:43:22] [Level: info] [State: initial] Update
[Time: 19.12.23 19:43:22] [Level: info] [State: initial] Reding config file
127.0.0.1 - - [19/Dec/2023 19:43:22] "POST /api/setup HTTP/1.0" 200 0
[Time: 19.12.23 19:43:22] [Level: info] [State: initial] DP method: input_dp
[Time: 19.12.23 19:43:22] [Level: info] [State: initial] epsilon: 10
[Time: 19.12.23 19:43:22] [Level: info] [State: initial] delta: 0.001
[Time: 19.12.23 19:43:22] [Level: info] [State: initial] data: data100.csv
[Time: 19.12.23 19:43:22] [Level: info] [State: initial] Reading data ...
127.0.0.1 - - [19/Dec/2023 19:43:22] "GET /api/status HTTP/1.0" 200 155
[Time: 19.12.23 19:43:22] [Level: info] [State: initial] data size:(100, 167)
[Time: 19.12.23 19:43:22] [Level: info] transition: write
[Time: 19.12.23 19:43:23] [Level: info] state: write
[Time: 19.12.23 19:43:23] [Level: info] [State: write] Write computation...
[Time: 19.12.23 19:43:23] [Level: info] transition: terminal
127.0.0.1 - - [19/Dec/2023 19:43:25] "GET /api/status HTTP/1.0" 200 156
127.0.0.1 - - [19/Dec/2023 19:43:28] "GET /api/status HTTP/1.0" 200 156
127.0.0.1 - - [19/Dec/2023 19:43:31] "GET /api/status HTTP/1.0" 200 156
127.0.0.1 - - [19/Dec/2023 19:43:34] "GET /api/status HTTP/1.0" 200 154
