2023-12-19 20:12:15,852 CRIT Supervisor is running as root.  Privileges were not dropped because no user is specified in the config file.  If you intend to run as root, you can set user=root in the config file to avoid this message.
2023-12-19 20:12:15,853 INFO supervisord started with pid 7
2023-12-19 20:12:16,861 INFO spawned: 'app' with pid 8
2023-12-19 20:12:16,863 INFO spawned: 'nginx' with pid 9
Bottle v0.12.25 server starting up (using WSGIRefServer())...
Listening on http://localhost:5000/
Hit Ctrl-C to quit.

2023-12-19 20:12:18,297 INFO success: app entered RUNNING state, process has stayed up for > than 1 seconds (startsecs)
2023-12-19 20:12:18,297 INFO success: nginx entered RUNNING state, process has stayed up for > than 1 seconds (startsecs)
[CTRL] POST /setup
[Time: 19.12.23 20:12:19] [Level: info] id: 1756b1b3f5f9f398
[Time: 19.12.23 20:12:19] [Level: info] coordinator: True
[Time: 19.12.23 20:12:19] [Level: info] clients: ['1756b1b3f5f9f398']
[Time: 19.12.23 20:12:19] [Level: info] state: initial
[Time: 19.12.23 20:12:19] [Level: info] [State: initial] Update
[Time: 19.12.23 20:12:19] [Level: info] [State: initial] Reding config file
127.0.0.1 - - [19/Dec/2023 20:12:19] "POST /api/setup HTTP/1.0" 200 0
[Time: 19.12.23 20:12:19] [Level: info] [State: initial] DP method: input_dp
[Time: 19.12.23 20:12:19] [Level: info] [State: initial] epsilon: 10
[Time: 19.12.23 20:12:19] [Level: info] [State: initial] delta: 0.001
[Time: 19.12.23 20:12:19] [Level: info] [State: initial] data: data100.csv
[Time: 19.12.23 20:12:19] [Level: info] [State: initial] Reading data ...
127.0.0.1 - - [19/Dec/2023 20:12:19] "GET /api/status HTTP/1.0" 200 155
[Time: 19.12.23 20:12:19] [Level: info] [State: initial] data size:(100, 167)
[Time: 19.12.23 20:12:19] [Level: info] [State: initial] Method 1 :(100, 167)
[Time: 19.12.23 20:12:19] [Level: info] Traceback (most recent call last):
  File "/root/.local/lib/python3.8/site-packages/FeatureCloud/app/engine/app.py", line 251, in guarded_run
    self.run()
  File "/root/.local/lib/python3.8/site-packages/FeatureCloud/app/engine/app.py", line 270, in run
    transition = self.current_state.run()
  File "/app/states.py", line 56, in run
    raise ValueError("Wrong input_dp_method in config.yml, possible values:[input_dp, input_dp_new_paradigm]")
ValueError: Wrong input_dp_method in config.yml, possible values:[input_dp, input_dp_new_paradigm]

127.0.0.1 - - [19/Dec/2023 20:12:22] "GET /api/status HTTP/1.0" 200 160
