2023-12-14 10:24:04,449 CRIT Supervisor is running as root.  Privileges were not dropped because no user is specified in the config file.  If you intend to run as root, you can set user=root in the config file to avoid this message.
2023-12-14 10:24:04,451 INFO supervisord started with pid 7
2023-12-14 10:24:05,455 INFO spawned: 'app' with pid 8
2023-12-14 10:24:05,457 INFO spawned: 'nginx' with pid 9
Bottle v0.12.25 server starting up (using WSGIRefServer())...
Listening on http://localhost:5000/
Hit Ctrl-C to quit.

2023-12-14 10:24:06,578 INFO success: app entered RUNNING state, process has stayed up for > than 1 seconds (startsecs)
2023-12-14 10:24:06,581 INFO success: nginx entered RUNNING state, process has stayed up for > than 1 seconds (startsecs)
[CTRL] POST /setup
[Time: 14.12.23 10:24:08] [Level: info] id: 504be0666d21f0fe
[Time: 14.12.23 10:24:08] [Level: info] coordinator: True
[Time: 14.12.23 10:24:08] [Level: info] clients: ['504be0666d21f0fe']
[Time: 14.12.23 10:24:08] [Level: info] state: initial
[Time: 14.12.23 10:24:08] [Level: info] [State: initial] Reding config file
127.0.0.1 - - [14/Dec/2023 10:24:08] "POST /api/setup HTTP/1.0" 200 0
[Time: 14.12.23 10:24:08] [Level: info] [State: initial] curent dire: ['opt', 'mnt', 'proc', 'home', 'etc', 'root', 'media', 'run', 'usr', 'bin', 'srv', 'boot', 'lib', 'tmp', 'dev', 'sys', 'var', 'sbin', 'app', 'supervisord.log', 'supervisord.pid', '.dockerenv', 'entrypoint.sh', 'supervisord.conf']
[Time: 14.12.23 10:24:08] [Level: info] [State: initial] data: data.csv
[Time: 14.12.23 10:24:08] [Level: info] transition: write
[CTRL] GET /status
127.0.0.1 - - [14/Dec/2023 10:24:08] "GET /api/status HTTP/1.0" 200 139
[Time: 14.12.23 10:24:09] [Level: info] state: write
[Time: 14.12.23 10:24:09] [Level: info] [State: write] Write computation...
[Time: 14.12.23 10:24:09] [Level: info] transition: terminal
[Time: 14.12.23 10:24:09] [Level: info] done
[CTRL] GET /status
127.0.0.1 - - [14/Dec/2023 10:24:11] "GET /api/status HTTP/1.0" 200 141
[CTRL] GET /status
127.0.0.1 - - [14/Dec/2023 10:24:14] "GET /api/status HTTP/1.0" 200 141
[CTRL] GET /status
127.0.0.1 - - [14/Dec/2023 10:24:17] "GET /api/status HTTP/1.0" 200 141
[CTRL] GET /status
127.0.0.1 - - [14/Dec/2023 10:24:20] "GET /api/status HTTP/1.0" 200 140
