2023-12-19 20:04:39,097 CRIT Supervisor is running as root.  Privileges were not dropped because no user is specified in the config file.  If you intend to run as root, you can set user=root in the config file to avoid this message.
2023-12-19 20:04:39,098 INFO supervisord started with pid 6
2023-12-19 20:04:40,098 INFO spawned: 'app' with pid 7
2023-12-19 20:04:40,099 INFO spawned: 'nginx' with pid 8
Traceback (most recent call last):
  File "/app/main.py", line 14, in <module>
    app.register()
  File "/root/.local/lib/python3.8/site-packages/FeatureCloud/app/engine/app.py", line 310, in register
    state.register()
  File "/app/states.py", line 20, in register
    self.register_transition(WRITE_STATE)  
  File "/root/.local/lib/python3.8/site-packages/FeatureCloud/app/engine/app.py", line 590, in register_transition
    self._app.register_transition(f'{self.name}_{name}', self.name, target, participant, coordinator, label)
  File "/root/.local/lib/python3.8/site-packages/FeatureCloud/app/engine/app.py", line 446, in register_transition
    self.log(f'target state {target} not found', level=LogLevel.FATAL)
  File "/root/.local/lib/python3.8/site-packages/FeatureCloud/app/engine/app.py", line 494, in log
    raise RuntimeError(msg)
RuntimeError: [Time: 19.12.23 20:04:40] [Level: fatal] target state write not found
2023-12-19 20:04:40,591 WARN exited: app (exit status 1; not expected)
2023-12-19 20:04:41,595 INFO spawned: 'app' with pid 14
2023-12-19 20:04:41,596 INFO success: nginx entered RUNNING state, process has stayed up for > than 1 seconds (startsecs)
Traceback (most recent call last):
  File "/app/main.py", line 14, in <module>
    app.register()
  File "/root/.local/lib/python3.8/site-packages/FeatureCloud/app/engine/app.py", line 310, in register
    state.register()
  File "/app/states.py", line 20, in register
    self.register_transition(WRITE_STATE)  
  File "/root/.local/lib/python3.8/site-packages/FeatureCloud/app/engine/app.py", line 590, in register_transition
    self._app.register_transition(f'{self.name}_{name}', self.name, target, participant, coordinator, label)
  File "/root/.local/lib/python3.8/site-packages/FeatureCloud/app/engine/app.py", line 446, in register_transition
    self.log(f'target state {target} not found', level=LogLevel.FATAL)
  File "/root/.local/lib/python3.8/site-packages/FeatureCloud/app/engine/app.py", line 494, in log
    raise RuntimeError(msg)
RuntimeError: [Time: 19.12.23 20:04:41] [Level: fatal] target state write not found
2023-12-19 20:04:42,034 WARN exited: app (exit status 1; not expected)
2023-12-19 20:04:44,056 INFO spawned: 'app' with pid 18
Traceback (most recent call last):
  File "/app/main.py", line 14, in <module>
    app.register()
  File "/root/.local/lib/python3.8/site-packages/FeatureCloud/app/engine/app.py", line 310, in register
    state.register()
  File "/app/states.py", line 20, in register
    self.register_transition(WRITE_STATE)  
  File "/root/.local/lib/python3.8/site-packages/FeatureCloud/app/engine/app.py", line 590, in register_transition
    self._app.register_transition(f'{self.name}_{name}', self.name, target, participant, coordinator, label)
  File "/root/.local/lib/python3.8/site-packages/FeatureCloud/app/engine/app.py", line 446, in register_transition
    self.log(f'target state {target} not found', level=LogLevel.FATAL)
  File "/root/.local/lib/python3.8/site-packages/FeatureCloud/app/engine/app.py", line 494, in log
    raise RuntimeError(msg)
RuntimeError: [Time: 19.12.23 20:04:44] [Level: fatal] target state write not found
2023-12-19 20:04:44,516 WARN exited: app (exit status 1; not expected)
2023-12-19 20:04:47,533 INFO spawned: 'app' with pid 22
Traceback (most recent call last):
  File "/app/main.py", line 14, in <module>
    app.register()
  File "/root/.local/lib/python3.8/site-packages/FeatureCloud/app/engine/app.py", line 310, in register
    state.register()
  File "/app/states.py", line 20, in register
    self.register_transition(WRITE_STATE)  
  File "/root/.local/lib/python3.8/site-packages/FeatureCloud/app/engine/app.py", line 590, in register_transition
    self._app.register_transition(f'{self.name}_{name}', self.name, target, participant, coordinator, label)
  File "/root/.local/lib/python3.8/site-packages/FeatureCloud/app/engine/app.py", line 446, in register_transition
    self.log(f'target state {target} not found', level=LogLevel.FATAL)
  File "/root/.local/lib/python3.8/site-packages/FeatureCloud/app/engine/app.py", line 494, in log
    raise RuntimeError(msg)
RuntimeError: [Time: 19.12.23 20:04:47] [Level: fatal] target state write not found
2023-12-19 20:04:47,986 WARN exited: app (exit status 1; not expected)
2023-12-19 20:04:48,988 INFO gave up: app entered FATAL state, too many start retries too quickly
