2023-12-19 14:22:18,241 CRIT Supervisor is running as root.  Privileges were not dropped because no user is specified in the config file.  If you intend to run as root, you can set user=root in the config file to avoid this message.
2023-12-19 14:22:18,245 INFO supervisord started with pid 7
2023-12-19 14:22:19,248 INFO spawned: 'app' with pid 8
2023-12-19 14:22:19,249 INFO spawned: 'nginx' with pid 9
Bottle v0.12.25 server starting up (using WSGIRefServer())...
Listening on http://localhost:5000/
Hit Ctrl-C to quit.

2023-12-19 14:22:20,413 INFO success: app entered RUNNING state, process has stayed up for > than 1 seconds (startsecs)
2023-12-19 14:22:20,414 INFO success: nginx entered RUNNING state, process has stayed up for > than 1 seconds (startsecs)
[CTRL] POST /setup
[Time: 19.12.23 14:22:22] [Level: info] id: 4555e05b53e0e13f
[Time: 19.12.23 14:22:22] [Level: info] coordinator: True
[Time: 19.12.23 14:22:22] [Level: info] clients: ['4555e05b53e0e13f']
127.0.0.1 - - [19/Dec/2023 14:22:22] "POST /api/setup HTTP/1.0" 200 0
[Time: 19.12.23 14:22:22] [Level: info] state: initial
[Time: 19.12.23 14:22:22] [Level: info] [State: initial] Reding config file
[Time: 19.12.23 14:22:22] [Level: info] [State: initial] curent dire: ['opt', 'mnt', 'proc', 'home', 'etc', 'root', 'media', 'run', 'usr', 'bin', 'srv', 'boot', 'lib', 'tmp', 'dev', 'sys', 'var', 'sbin', 'app', 'supervisord.log', 'supervisord.pid', '.dockerenv', 'entrypoint.sh', 'supervisord.conf']
[Time: 19.12.23 14:22:22] [Level: info] [State: initial] data: data100.csv
[Time: 19.12.23 14:22:22] [Level: info] transition: write
[CTRL] GET /status
127.0.0.1 - - [19/Dec/2023 14:22:22] "GET /api/status HTTP/1.0" 200 139
[Time: 19.12.23 14:22:23] [Level: info] state: write
[Time: 19.12.23 14:22:23] [Level: info] [State: write] Write computation...
[Time: 19.12.23 14:22:23] [Level: info] transition: terminal
[Time: 19.12.23 14:22:23] [Level: info] done
[CTRL] GET /status
127.0.0.1 - - [19/Dec/2023 14:22:25] "GET /api/status HTTP/1.0" 200 141
[CTRL] GET /status
127.0.0.1 - - [19/Dec/2023 14:22:28] "GET /api/status HTTP/1.0" 200 141
[CTRL] GET /status
127.0.0.1 - - [19/Dec/2023 14:22:31] "GET /api/status HTTP/1.0" 200 141
[CTRL] GET /status
127.0.0.1 - - [19/Dec/2023 14:22:34] "GET /api/status HTTP/1.0" 200 140
