2023-12-19 15:15:32,078 CRIT Supervisor is running as root.  Privileges were not dropped because no user is specified in the config file.  If you intend to run as root, you can set user=root in the config file to avoid this message.
2023-12-19 15:15:32,080 INFO supervisord started with pid 7
2023-12-19 15:15:33,085 INFO spawned: 'app' with pid 8
2023-12-19 15:15:33,088 INFO spawned: 'nginx' with pid 9
Bottle v0.12.25 server starting up (using WSGIRefServer())...
Listening on http://localhost:5000/
Hit Ctrl-C to quit.

2023-12-19 15:15:34,299 INFO success: app entered RUNNING state, process has stayed up for > than 1 seconds (startsecs)
2023-12-19 15:15:34,299 INFO success: nginx entered RUNNING state, process has stayed up for > than 1 seconds (startsecs)
[CTRL] POST /setup
[Time: 19.12.23 15:15:36] [Level: info] id: b67c1d9a915f701d
[Time: 19.12.23 15:15:36] [Level: info] coordinator: True
[Time: 19.12.23 15:15:36] [Level: info] clients: ['b67c1d9a915f701d']
[Time: 19.12.23 15:15:36] [Level: info] state: initial
[Time: 19.12.23 15:15:36] [Level: info] [State: initial] Reding config file
[Time: 19.12.23 15:15:36] [Level: info] [State: initial] data: data100.csv
[Time: 19.12.23 15:15:36] [Level: info] [State: initial] Reading data ...
[Time: 19.12.23 15:15:36] [Level: info] [State: initial] data size:(100, 167)
[Time: 19.12.23 15:15:36] [Level: info] transition: write
127.0.0.1 - - [19/Dec/2023 15:15:36] "POST /api/setup HTTP/1.0" 200 0
127.0.0.1 - - [19/Dec/2023 15:15:36] "GET /api/status HTTP/1.0" 200 155
[Time: 19.12.23 15:15:37] [Level: info] state: write
[Time: 19.12.23 15:15:37] [Level: info] [State: write] Write computation...
[Time: 19.12.23 15:15:37] [Level: info] transition: terminal
127.0.0.1 - - [19/Dec/2023 15:15:39] "GET /api/status HTTP/1.0" 200 156
127.0.0.1 - - [19/Dec/2023 15:15:42] "GET /api/status HTTP/1.0" 200 156
