2023-12-19 17:40:14,230 CRIT Supervisor is running as root.  Privileges were not dropped because no user is specified in the config file.  If you intend to run as root, you can set user=root in the config file to avoid this message.
2023-12-19 17:40:14,231 INFO supervisord started with pid 7
2023-12-19 17:40:15,232 INFO spawned: 'app' with pid 8
2023-12-19 17:40:15,238 INFO spawned: 'nginx' with pid 9
Bottle v0.12.25 server starting up (using WSGIRefServer())...
Listening on http://localhost:5000/
Hit Ctrl-C to quit.

2023-12-19 17:40:16,543 INFO success: app entered RUNNING state, process has stayed up for > than 1 seconds (startsecs)
2023-12-19 17:40:16,543 INFO success: nginx entered RUNNING state, process has stayed up for > than 1 seconds (startsecs)
[CTRL] POST /setup
[Time: 19.12.23 17:40:17] [Level: info] id: cc7e82e7815e4772
[Time: 19.12.23 17:40:17] [Level: info] coordinator: True
[Time: 19.12.23 17:40:17] [Level: info] clients: ['cc7e82e7815e4772', '1e30688ab20a6513']
127.0.0.1 - - [19/Dec/2023 17:40:17] "POST /api/setup HTTP/1.0" 200 0
[Time: 19.12.23 17:40:17] [Level: info] state: initial
[Time: 19.12.23 17:40:17] [Level: info] [State: initial] Reding config file
[Time: 19.12.23 17:40:17] [Level: info] [State: initial] data: data100.csv
[Time: 19.12.23 17:40:17] [Level: info] [State: initial] Reading data ...
127.0.0.1 - - [19/Dec/2023 17:40:17] "GET /api/status HTTP/1.0" 200 155
[Time: 19.12.23 17:40:17] [Level: info] [State: initial] data size:(100, 167)
[Time: 19.12.23 17:40:17] [Level: info] transition: write
[Time: 19.12.23 17:40:18] [Level: info] state: write
[Time: 19.12.23 17:40:18] [Level: info] [State: write] Write computation...
[Time: 19.12.23 17:40:18] [Level: info] transition: terminal
127.0.0.1 - - [19/Dec/2023 17:40:20] "GET /api/status HTTP/1.0" 200 156
