2023-12-19 20:43:43,540 CRIT Supervisor is running as root.  Privileges were not dropped because no user is specified in the config file.  If you intend to run as root, you can set user=root in the config file to avoid this message.
2023-12-19 20:43:43,542 INFO supervisord started with pid 6
2023-12-19 20:43:44,543 INFO spawned: 'app' with pid 7
2023-12-19 20:43:44,544 INFO spawned: 'nginx' with pid 8
Bottle v0.12.25 server starting up (using WSGIRefServer())...
Listening on http://localhost:5000/
Hit Ctrl-C to quit.

2023-12-19 20:43:46,075 INFO success: app entered RUNNING state, process has stayed up for > than 1 seconds (startsecs)
2023-12-19 20:43:46,076 INFO success: nginx entered RUNNING state, process has stayed up for > than 1 seconds (startsecs)
[CTRL] POST /setup
[Time: 19.12.23 20:43:47] [Level: info] id: 207d8f8bdae824d6
[Time: 19.12.23 20:43:47] [Level: info] coordinator: True
[Time: 19.12.23 20:43:47] [Level: info] clients: ['207d8f8bdae824d6']
127.0.0.1 - - [19/Dec/2023 20:43:47] "POST /api/setup HTTP/1.0" 200 0
[Time: 19.12.23 20:43:47] [Level: info] state: initial
[Time: 19.12.23 20:43:47] [Level: info] [State: initial] Update
[Time: 19.12.23 20:43:47] [Level: info] [State: initial] Reding config file
[Time: 19.12.23 20:43:47] [Level: info] [State: initial] Reading data ...
[Time: 19.12.23 20:43:47] [Level: info] [State: initial] data file: mnt/input/data100.csv
127.0.0.1 - - [19/Dec/2023 20:43:47] "GET /api/status HTTP/1.0" 200 155
[Time: 19.12.23 20:43:47] [Level: info] [State: initial] data size:(100, 167)
[Time: 19.12.23 20:43:47] [Level: info] [State: initial] Method input_dp_new_paradigm, noised data size  :(100, 167)
[Time: 19.12.23 20:43:47] [Level: info] transition: write
[Time: 19.12.23 20:43:48] [Level: info] state: write
[Time: 19.12.23 20:43:48] [Level: info] [State: write] Writing noised data...
[Time: 19.12.23 20:43:48] [Level: info] transition: terminal
127.0.0.1 - - [19/Dec/2023 20:43:50] "GET /api/status HTTP/1.0" 200 156
127.0.0.1 - - [19/Dec/2023 20:43:53] "GET /api/status HTTP/1.0" 200 156
127.0.0.1 - - [19/Dec/2023 20:43:56] "GET /api/status HTTP/1.0" 200 156
127.0.0.1 - - [19/Dec/2023 20:43:59] "GET /api/status HTTP/1.0" 200 154
