2023-12-19 20:46:03,826 CRIT Supervisor is running as root.  Privileges were not dropped because no user is specified in the config file.  If you intend to run as root, you can set user=root in the config file to avoid this message.
2023-12-19 20:46:03,827 INFO supervisord started with pid 7
2023-12-19 20:46:04,828 INFO spawned: 'app' with pid 8
2023-12-19 20:46:04,829 INFO spawned: 'nginx' with pid 9
Bottle v0.12.25 server starting up (using WSGIRefServer())...
Listening on http://localhost:5000/
Hit Ctrl-C to quit.

2023-12-19 20:46:06,256 INFO success: app entered RUNNING state, process has stayed up for > than 1 seconds (startsecs)
2023-12-19 20:46:06,257 INFO success: nginx entered RUNNING state, process has stayed up for > than 1 seconds (startsecs)
[CTRL] POST /setup
[Time: 19.12.23 20:46:07] [Level: info] id: 253a9e7781e3cec5
[Time: 19.12.23 20:46:07] [Level: info] coordinator: True
[Time: 19.12.23 20:46:07] [Level: info] clients: ['253a9e7781e3cec5']
[Time: 19.12.23 20:46:07] [Level: info] state: initial
127.0.0.1 - - [19/Dec/2023 20:46:07] "POST /api/setup HTTP/1.0" 200 0
[Time: 19.12.23 20:46:07] [Level: info] [State: initial] Update
[Time: 19.12.23 20:46:07] [Level: info] [State: initial] Reding config file
[Time: 19.12.23 20:46:07] [Level: info] [State: initial] Reading data ...
127.0.0.1 - - [19/Dec/2023 20:46:07] "GET /api/status HTTP/1.0" 200 155
[Time: 19.12.23 20:46:07] [Level: info] [State: initial] data file: mnt/input/data100.csv
[Time: 19.12.23 20:46:07] [Level: info] [State: initial] data size:(100, 167)
[Time: 19.12.23 20:46:07] [Level: info] [State: initial] Method input_dp_new_paradigm, noised data size  :(100, 167)
[Time: 19.12.23 20:46:07] [Level: info] transition: write
[Time: 19.12.23 20:46:08] [Level: info] state: write
[Time: 19.12.23 20:46:08] [Level: info] [State: write] Writing noised data...
[Time: 19.12.23 20:46:08] [Level: info] transition: terminal
127.0.0.1 - - [19/Dec/2023 20:46:10] "GET /api/status HTTP/1.0" 200 156
127.0.0.1 - - [19/Dec/2023 20:46:13] "GET /api/status HTTP/1.0" 200 156
127.0.0.1 - - [19/Dec/2023 20:46:16] "GET /api/status HTTP/1.0" 200 156
127.0.0.1 - - [19/Dec/2023 20:46:19] "GET /api/status HTTP/1.0" 200 154
