2023-12-19 12:47:18,249 CRIT Supervisor is running as root.  Privileges were not dropped because no user is specified in the config file.  If you intend to run as root, you can set user=root in the config file to avoid this message.
2023-12-19 12:47:18,251 INFO supervisord started with pid 7
2023-12-19 12:47:19,256 INFO spawned: 'app' with pid 8
2023-12-19 12:47:19,259 INFO spawned: 'nginx' with pid 9
Bottle v0.12.25 server starting up (using WSGIRefServer())...
Listening on http://localhost:5000/
Hit Ctrl-C to quit.

2023-12-19 12:47:20,375 INFO success: app entered RUNNING state, process has stayed up for > than 1 seconds (startsecs)
2023-12-19 12:47:20,375 INFO success: nginx entered RUNNING state, process has stayed up for > than 1 seconds (startsecs)
[CTRL] POST /setup
[Time: 19.12.23 12:47:22] [Level: info] id: fd5fc14c9fa91fc2
[Time: 19.12.23 12:47:22] [Level: info] coordinator: True
[Time: 19.12.23 12:47:22] [Level: info] clients: ['fd5fc14c9fa91fc2']
[Time: 19.12.23 12:47:22] [Level: info] state: initial
127.0.0.1 - - [19/Dec/2023 12:47:22] "POST /api/setup HTTP/1.0" 200 0
[Time: 19.12.23 12:47:22] [Level: info] [State: initial] Reding config file
[Time: 19.12.23 12:47:22] [Level: info] [State: initial] curent dire: ['opt', 'mnt', 'proc', 'home', 'etc', 'root', 'media', 'run', 'usr', 'bin', 'srv', 'boot', 'lib', 'tmp', 'dev', 'sys', 'var', 'sbin', 'app', 'supervisord.log', 'supervisord.pid', '.dockerenv', 'entrypoint.sh', 'supervisord.conf']
[Time: 19.12.23 12:47:22] [Level: info] [State: initial] data: data.csv
[Time: 19.12.23 12:47:22] [Level: info] transition: write
[CTRL] GET /status
127.0.0.1 - - [19/Dec/2023 12:47:22] "GET /api/status HTTP/1.0" 200 139
[Time: 19.12.23 12:47:23] [Level: info] state: write
[Time: 19.12.23 12:47:23] [Level: info] [State: write] Write computation...
[Time: 19.12.23 12:47:23] [Level: info] transition: terminal
[Time: 19.12.23 12:47:23] [Level: info] done
[CTRL] GET /status
127.0.0.1 - - [19/Dec/2023 12:47:25] "GET /api/status HTTP/1.0" 200 141
[CTRL] GET /status
127.0.0.1 - - [19/Dec/2023 12:47:28] "GET /api/status HTTP/1.0" 200 141
[CTRL] GET /status
127.0.0.1 - - [19/Dec/2023 12:47:31] "GET /api/status HTTP/1.0" 200 141
[CTRL] GET /status
127.0.0.1 - - [19/Dec/2023 12:47:34] "GET /api/status HTTP/1.0" 200 140
