2023-12-19 20:05:39,831 CRIT Supervisor is running as root.  Privileges were not dropped because no user is specified in the config file.  If you intend to run as root, you can set user=root in the config file to avoid this message.
2023-12-19 20:05:39,832 INFO supervisord started with pid 7
2023-12-19 20:05:40,834 INFO spawned: 'app' with pid 8
2023-12-19 20:05:40,835 INFO spawned: 'nginx' with pid 9
Traceback (most recent call last):
  File "/app/main.py", line 14, in <module>
    app.register()
  File "/root/.local/lib/python3.8/site-packages/FeatureCloud/app/engine/app.py", line 310, in register
    state.register()
  File "/app/states.py", line 20, in register
    self.register_transition(WRITE_STATE)  
  File "/root/.local/lib/python3.8/site-packages/FeatureCloud/app/engine/app.py", line 590, in register_transition
    self._app.register_transition(f'{self.name}_{name}', self.name, target, participant, coordinator, label)
  File "/root/.local/lib/python3.8/site-packages/FeatureCloud/app/engine/app.py", line 446, in register_transition
    self.log(f'target state {target} not found', level=LogLevel.FATAL)
  File "/root/.local/lib/python3.8/site-packages/FeatureCloud/app/engine/app.py", line 494, in log
    raise RuntimeError(msg)
RuntimeError: [Time: 19.12.23 20:05:41] [Level: fatal] target state write not found
2023-12-19 20:05:41,061 WARN exited: app (exit status 1; not expected)
2023-12-19 20:05:42,063 INFO spawned: 'app' with pid 14
2023-12-19 20:05:42,064 INFO success: nginx entered RUNNING state, process has stayed up for > than 1 seconds (startsecs)
Traceback (most recent call last):
  File "/app/main.py", line 14, in <module>
    app.register()
  File "/root/.local/lib/python3.8/site-packages/FeatureCloud/app/engine/app.py", line 310, in register
    state.register()
  File "/app/states.py", line 20, in register
    self.register_transition(WRITE_STATE)  
  File "/root/.local/lib/python3.8/site-packages/FeatureCloud/app/engine/app.py", line 590, in register_transition
    self._app.register_transition(f'{self.name}_{name}', self.name, target, participant, coordinator, label)
  File "/root/.local/lib/python3.8/site-packages/FeatureCloud/app/engine/app.py", line 446, in register_transition
    self.log(f'target state {target} not found', level=LogLevel.FATAL)
  File "/root/.local/lib/python3.8/site-packages/FeatureCloud/app/engine/app.py", line 494, in log
    raise RuntimeError(msg)
RuntimeError: [Time: 19.12.23 20:05:42] [Level: fatal] target state write not found
2023-12-19 20:05:42,304 WARN exited: app (exit status 1; not expected)
2023-12-19 20:05:44,308 INFO spawned: 'app' with pid 17
Traceback (most recent call last):
  File "/app/main.py", line 14, in <module>
    app.register()
  File "/root/.local/lib/python3.8/site-packages/FeatureCloud/app/engine/app.py", line 310, in register
    state.register()
  File "/app/states.py", line 20, in register
    self.register_transition(WRITE_STATE)  
  File "/root/.local/lib/python3.8/site-packages/FeatureCloud/app/engine/app.py", line 590, in register_transition
    self._app.register_transition(f'{self.name}_{name}', self.name, target, participant, coordinator, label)
  File "/root/.local/lib/python3.8/site-packages/FeatureCloud/app/engine/app.py", line 446, in register_transition
    self.log(f'target state {target} not found', level=LogLevel.FATAL)
  File "/root/.local/lib/python3.8/site-packages/FeatureCloud/app/engine/app.py", line 494, in log
    raise RuntimeError(msg)
RuntimeError: [Time: 19.12.23 20:05:44] [Level: fatal] target state write not found
2023-12-19 20:05:44,540 WARN exited: app (exit status 1; not expected)
2023-12-19 20:05:47,560 INFO spawned: 'app' with pid 20
Traceback (most recent call last):
  File "/app/main.py", line 14, in <module>
    app.register()
  File "/root/.local/lib/python3.8/site-packages/FeatureCloud/app/engine/app.py", line 310, in register
    state.register()
  File "/app/states.py", line 20, in register
    self.register_transition(WRITE_STATE)  
  File "/root/.local/lib/python3.8/site-packages/FeatureCloud/app/engine/app.py", line 590, in register_transition
    self._app.register_transition(f'{self.name}_{name}', self.name, target, participant, coordinator, label)
  File "/root/.local/lib/python3.8/site-packages/FeatureCloud/app/engine/app.py", line 446, in register_transition
    self.log(f'target state {target} not found', level=LogLevel.FATAL)
  File "/root/.local/lib/python3.8/site-packages/FeatureCloud/app/engine/app.py", line 494, in log
    raise RuntimeError(msg)
RuntimeError: [Time: 19.12.23 20:05:47] [Level: fatal] target state write not found
2023-12-19 20:05:47,825 WARN exited: app (exit status 1; not expected)
2023-12-19 20:05:48,830 INFO gave up: app entered FATAL state, too many start retries too quickly
